0000000000000000 T __code_start
0000000000000000 0000000000000004 b fsdev_last_result
0000000000000000 A __start__
0000000000000000 T _start
0000000000000000 b _TLS_MODULE_BASE_
0000000000000004 0000000000000004 b g_fsPriority
0000000000000008 0000000000000401 B __nx_dev_path_buf
0000000000000108 T __nx_exit
0000000000000118 T __nx_mod0
0000000000000140 T _init
0000000000000180 0000000000000038 T exit
00000000000001c0 0000000000000280 T main
0000000000000440 t __do_global_dtors_aux
0000000000000490 t frame_dummy
00000000000004c0 0000000000000024 t _appletInfiniteSleepLoop
00000000000004f0 0000000000000108 t _appletCmdGetSession
0000000000000600 00000000000000cc t _appletCmdInU8NoOut
00000000000006d0 0000000000000104 t _appletGetLaunchReason
00000000000007e0 00000000000000e4 t _appletSetFocusHandlingMode
00000000000008d0 00000000000000cc t _appletCmdInU32NoOut
00000000000009a0 0000000000000138 t _appletGetSessionProxy.constprop.0
0000000000000ae0 0000000000000154 t _appletOpenLibraryAppletProxy.constprop.0
0000000000000c40 00000000000000d0 t _appletCmdGetHandle.constprop.0.isra.0
0000000000000d10 00000000000000d4 t _appletCmdNoInOutU8.isra.0
0000000000000df0 00000000000000d4 t _appletCmdNoInOutU32.isra.0
0000000000000ed0 00000000000000d4 t _appletCmdNoInOutU64.isra.0
0000000000000fb0 00000000000000c0 t _appletCmdNoIO.isra.0
0000000000001070 0000000000000010 T appletGetAppletType
0000000000001080 0000000000000118 T appletSetFocusHandlingMode
00000000000011a0 000000000000005c T appletSetCpuBoostMode
0000000000001200 000000000000002c T appletCreateManagedDisplayLayer
0000000000001230 000000000000000c T appletGetAppletResourceUserId
0000000000001240 00000000000000f8 t _appletGetIndirectLayerConsumerHandle
0000000000001340 0000000000000088 t _appletHolderCreateState
00000000000013d0 00000000000000a8 T appletHolderClose
0000000000001480 0000000000000024 T appletHolderGetLibraryAppletInfo
00000000000014b0 0000000000000090 T appletNotifyRunning
0000000000001540 000000000000008c T appletSetGamePlayRecordingState
00000000000015d0 0000000000000ac0 t _appletCleanup
0000000000002090 0000000000000044 T appletExit
00000000000020e0 0000000000000040 T appletGetLibraryAppletInfo
0000000000002120 0000000000000a10 T appletInitialize
0000000000002b30 0000000000000024 t _appletExitProcess
0000000000002b60 0000000000000074 T appletGetMessage
0000000000002be0 0000000000000248 T appletProcessMessage
0000000000002e30 0000000000000034 T appletMainLoop
0000000000002e70 0000000000000014 T hosversionGet
0000000000002e90 0000000000000010 T hosversionSet
0000000000002ea0 000000000000024c T envSetup
00000000000030f0 0000000000000020 T envGetMainThreadHandle
0000000000003110 000000000000000c T envIsNso
0000000000003120 0000000000000014 T envHasHeapOverride
0000000000003140 000000000000000c T envGetHeapOverrideAddr
0000000000003150 000000000000000c T envGetHeapOverrideSize
0000000000003160 0000000000000014 T envHasArgv
0000000000003180 000000000000000c T envGetArgv
0000000000003190 000000000000000c T envGetExitFuncPtr
00000000000031a0 000000000000000c T envSetExitFuncPtr
00000000000031b0 000000000000000c T envHasRandomSeed
00000000000031c0 0000000000000018 T envGetRandomSeed
00000000000031e0 000000000000005c t _padUpdateWithCommonState
0000000000003240 000000000000009c T padConfigureInput
00000000000032e0 0000000000000020 T padInitializeWithMask
0000000000003300 0000000000000228 T padUpdate
0000000000003530 000000000000001c W diagAbortWithResult
0000000000003550 0000000000000048 t consoleDrawChar
00000000000035a0 00000000000000b0 t consoleNewRow
0000000000003650 0000000000000c38 t con_write
0000000000004290 0000000000000160 T consoleInit
00000000000043f0 0000000000000048 T consoleExit
0000000000004440 000000000000002c T consoleUpdate
0000000000004470 0000000000000194 t ConsoleSwRenderer_drawChar
0000000000004610 00000000000000f4 t ConsoleSwRenderer_init
0000000000004710 0000000000000070 t ConsoleSwRenderer_flushAndSwap
0000000000004780 00000000000000c8 t ConsoleSwRenderer_scrollWindow
0000000000004850 000000000000004c t ConsoleSwRenderer_deinit
00000000000048a0 000000000000000c W getDefaultConsoleRenderer
00000000000048ac T svcSetHeapSize
00000000000048c0 T svcSetMemoryAttribute
00000000000048c8 T svcUnmapMemory
00000000000048d0 T svcQueryMemory
00000000000048e4 T svcExitProcess
00000000000048ec T svcSleepThread
00000000000048f4 T svcMapSharedMemory
00000000000048fc T svcUnmapSharedMemory
0000000000004904 T svcCreateTransferMemory
0000000000004918 T svcCloseHandle
0000000000004920 T svcResetSignal
0000000000004928 T svcWaitSynchronization
000000000000493c T svcArbitrateLock
0000000000004944 T svcArbitrateUnlock
000000000000494c T svcWaitProcessWideKeyAtomic
0000000000004954 T svcSignalProcessWideKey
000000000000495c T svcConnectToNamedPort
0000000000004970 T svcSendSyncRequest
0000000000004978 T svcBreak
0000000000004980 T svcReturnFromException
0000000000004988 T svcGetInfo
000000000000499c T svcUnmapTransferMemory
00000000000049b0 000000000000045c T waitObjects
0000000000004e10 00000000000000a8 T tmemCreate
0000000000004ec0 0000000000000034 T tmemUnmap
0000000000004f00 0000000000000068 T tmemClose
0000000000004f70 0000000000000080 T mutexLock
0000000000004ff0 0000000000000068 T mutexUnlock
0000000000005060 000000000000001c T mutexIsLockedByCurrentThread
0000000000005080 000000000000004c T rmutexLock
00000000000050d0 000000000000001c T rmutexUnlock
00000000000050f0 0000000000000064 t _memregionInitWithInfo
0000000000005160 0000000000000004 W __libnx_virtmem_rng
0000000000005170 0000000000000178 t _memregionFindRandom
00000000000052f0 0000000000000120 T virtmemSetup
0000000000005410 000000000000000c T virtmemLock
0000000000005420 000000000000000c T virtmemUnlock
0000000000005430 0000000000000054 T virtmemFindAslr
0000000000005490 000000000000000c T eventLoadRemote
00000000000054a0 0000000000000038 T eventWait
00000000000054e0 0000000000000050 T eventClose
0000000000005530 00000000000003d4 T randomGet
0000000000005910 0000000000000020 T randomGet64
0000000000005930 00000000000000c0 t _apmCleanup
00000000000059f0 00000000000000fc t _apmCmdGetSession.constprop.0
0000000000005af0 00000000000000a0 T apmInitialize
0000000000005b90 0000000000000044 T apmExit
0000000000005be0 00000000000000c8 T apmSetPerformanceConfiguration
0000000000005cb0 00000000000000d0 t _smCmifCmdInPid
0000000000005d80 0000000000000068 t _smCleanup
0000000000005df0 0000000000000048 T smAddOverrideHandle
0000000000005e40 0000000000000054 T smGetServiceOverride
0000000000005ea0 00000000000001c0 T smInitialize
0000000000006060 0000000000000044 T smExit
00000000000060b0 00000000000000d0 T smGetServiceOriginal
0000000000006180 0000000000000120 T smGetServiceWrapper
00000000000062a0 0000000000000108 t _hidCleanup
00000000000063b0 00000000000000d4 t _hidCmdInAruidNoOut
0000000000006490 00000000000000e0 t _hidCmdInU32AruidNoOut
0000000000006570 0000000000000184 t _hidGetStates
0000000000006700 0000000000000118 t _hidCreateAppletResource.constprop.0
0000000000006820 00000000000000c8 t _hidCmdGetHandle.constprop.0
00000000000068f0 00000000000000dc T hidInitialize
00000000000069d0 0000000000000044 T hidExit
0000000000006a20 000000000000000c T hidGetSharedmemAddr
0000000000006a30 0000000000000094 T hidGetNpadStyleSet
0000000000006ad0 000000000000006c T hidInitializeNpad
0000000000006b40 00000000000000ac T hidGetNpadStatesFullKey
0000000000006bf0 00000000000000ac T hidGetNpadStatesHandheld
0000000000006ca0 00000000000000ac T hidGetNpadStatesJoyDual
0000000000006d50 00000000000000ac T hidGetNpadStatesJoyLeft
0000000000006e00 00000000000000ac T hidGetNpadStatesJoyRight
0000000000006eb0 0000000000000174 T hidGetNpadStatesGc
0000000000007030 00000000000000b0 T hidGetNpadStatesSystemExt
00000000000070e0 0000000000000008 T hidSetSupportedNpadStyleSet
00000000000070f0 00000000000000fc T hidSetSupportedNpadIdType
00000000000071f0 000000000000008c T framebufferMakeLinear
0000000000007280 0000000000000080 T framebufferClose
0000000000007300 00000000000002a0 T framebufferCreate
00000000000075a0 0000000000000088 T framebufferBegin
0000000000007630 0000000000000174 T framebufferEnd
00000000000077b0 000000000000000c T nwindowGetDefault
00000000000077c0 00000000000000c0 T __nx_win_init
0000000000007880 0000000000000034 T __nx_win_exit
00000000000078c0 0000000000000024 T nwindowIsValid
00000000000078f0 0000000000000080 T nwindowClose
0000000000007970 00000000000000ec T nwindowCreate
0000000000007a60 0000000000000034 T nwindowCreateFromLayer
0000000000007aa0 0000000000000088 T nwindowSetDimensions
0000000000007b30 0000000000000190 T nwindowConfigureBuffer
0000000000007cc0 00000000000001d8 T nwindowDequeueBuffer
0000000000007ea0 0000000000000140 T nwindowQueueBuffer
0000000000007fe0 0000000000000098 T nwindowReleaseBuffers
0000000000008080 00000000000000a0 T __nx_dynamic
0000000000008120 00000000000000d8 W __libnx_initheap
0000000000008200 00000000000000ec W __appInit
00000000000082f0 0000000000000044 W __appExit
0000000000008340 000000000000002c W __libnx_init
0000000000008370 0000000000000020 W __libnx_exit
0000000000008390 0000000000000004 W __libnx_alloc
00000000000083a0 0000000000000014 W __libnx_aligned_alloc
00000000000083c0 0000000000000004 W __libnx_free
00000000000083d0 000000000000001c T __syscall_exit
00000000000083f0 0000000000000034 T __syscall_getreent
0000000000008430 0000000000000004 T __syscall_lock_acquire
0000000000008440 0000000000000004 T __syscall_lock_release
0000000000008450 0000000000000004 T __syscall_lock_acquire_recursive
0000000000008460 0000000000000004 T __syscall_lock_release_recursive
0000000000008470 0000000000000228 T __libnx_init_time
00000000000086a0 0000000000000084 T newlibSetup
0000000000008730 0000000000000320 W argvSetup
0000000000008a50 0000000000000014 t fsdev_link
0000000000008a70 0000000000000014 t fsdev_dirreset
0000000000008a90 0000000000000014 t fsdev_chmod
0000000000008ab0 0000000000000018 t error_cmp
0000000000008ad0 0000000000000020 t fsdev_dirclose
0000000000008af0 000000000000001c t fsdev_close
0000000000008b10 0000000000000080 t fsdev_converttimetoutc
0000000000008b90 00000000000000b8 t fsdevFindDevice.part.0
0000000000008c50 00000000000001e0 t fsdev_fixpath
0000000000008e30 00000000000000a0 t _fsdevUnmountDeviceStruct.part.0
0000000000008ed0 0000000000000014 t fsdev_fchmod
0000000000008ef0 0000000000000108 t fsdev_diropen
0000000000009000 000000000000007c t fsdev_fsync
0000000000009080 0000000000000108 t fsdev_fstat
0000000000009190 0000000000000094 t fsdev_ftruncate
0000000000009230 00000000000001f8 t fsdev_stat
0000000000009430 0000000000000154 t fsdev_rename
0000000000009590 0000000000000148 t fsdev_chdir
00000000000096e0 00000000000000ac t fsdev_mkdir
0000000000009790 00000000000000ac t fsdev_unlink
0000000000009840 00000000000000ac t fsdev_rmdir
00000000000098f0 0000000000000104 t fsdev_statvfs
0000000000009a00 000000000000013c t fsdev_write_safe
0000000000009b40 000000000000013c t fsdev_read_safe
0000000000009c80 0000000000000104 t fsdev_read
0000000000009d90 00000000000001d4 t fsdev_dirnext
0000000000009f70 0000000000000124 t fsdev_write
000000000000a0a0 00000000000000e4 t fsdev_seek
000000000000a190 0000000000000238 t fsdev_open
000000000000a3d0 000000000000026c T fsdevMountDevice
000000000000a640 0000000000000048 T fsdevMountSdmc
000000000000a690 00000000000000cc T __libnx_init_cwd
000000000000a760 0000000000000064 T fsdevUnmountAll
000000000000a7d0 000000000000012c T decode_utf8
000000000000a8fc T armDCacheFlush
000000000000a920 t armDCacheFlush_L0
000000000000a938 W __libnx_exception_entry
000000000000a9c4 t __libnx_exception_entry_start
000000000000aaec t __libnx_exception_entry_abort
000000000000aaf0 t __libnx_exception_entry_end
000000000000aaf8 T __libnx_exception_returnentry
000000000000ab10 T __aarch64_read_tp
000000000000ab20 0000000000000014 T shmemLoadRemote
000000000000ab40 0000000000000088 T shmemMap
000000000000abd0 0000000000000034 T shmemUnmap
000000000000ac10 0000000000000044 T shmemClose
000000000000ac60 0000000000000064 T condvarWaitTimeout
000000000000acd0 00000000000000ac T __libnx_init_thread
000000000000ad80 00000000000001dc t _viCleanup
000000000000af60 0000000000000100 t _viCmdGetSessionNoParams.constprop.0
000000000000b060 00000000000000fc t _viCmdGetSession.constprop.0
000000000000b160 000000000000025c T viInitialize
000000000000b3c0 0000000000000044 T viExit
000000000000b410 000000000000000c T viGetSession_IHOSBinderDriverRelay
000000000000b420 0000000000000110 T viOpenDisplay
000000000000b530 00000000000000f4 T viCloseDisplay
000000000000b630 00000000000000fc T viCloseLayer
000000000000b730 000000000000038c T viCreateLayer
000000000000bac0 00000000000000d8 T viSetLayerScalingMode
000000000000bba0 00000000000000d4 t _setsysGetFirmwareVersionImpl
000000000000bc80 0000000000000068 t _setsysCleanup
000000000000bcf0 00000000000000a0 T setsysInitialize
000000000000bd90 0000000000000044 T setsysExit
000000000000bde0 0000000000000044 T setsysGetFirmwareVersion
000000000000be30 00000000000000b4 t _fsCleanup
000000000000bef0 00000000000001b0 t _fsCmdNoIO
000000000000c0a0 00000000000001d4 t _fsFsCmdWithInPath
000000000000c280 00000000000001fc t _fsFsCmdWithTwoInPaths
000000000000c480 000000000000023c t _fsFsOpenCommon
000000000000c6c0 00000000000001f0 t _fsFsCmdWithInPathAndOutU64
000000000000c8b0 00000000000000f4 t _fsObjectClose
000000000000c9b0 000000000000017c t _fsCmdGetSession.constprop.0
000000000000cb30 0000000000000318 T fsInitialize
000000000000ce50 0000000000000044 T fsExit
000000000000cea0 0000000000000008 T fsOpenSdCardFileSystem
000000000000ceb0 00000000000001e4 T fsFsCreateFile
000000000000d0a0 0000000000000008 T fsFsDeleteFile
000000000000d0b0 0000000000000008 T fsFsCreateDirectory
000000000000d0c0 0000000000000008 T fsFsDeleteDirectory
000000000000d0d0 0000000000000008 T fsFsRenameFile
000000000000d0e0 0000000000000008 T fsFsRenameDirectory
000000000000d0f0 00000000000001ec T fsFsGetEntryType
000000000000d2e0 0000000000000008 T fsFsOpenFile
000000000000d2f0 0000000000000008 T fsFsOpenDirectory
000000000000d300 0000000000000008 T fsFsGetFreeSpace
000000000000d310 0000000000000008 T fsFsGetTotalSpace
000000000000d320 0000000000000230 T fsFsGetFileTimeStampRaw
000000000000d550 0000000000000004 T fsFsClose
000000000000d560 0000000000000210 T fsFileRead
000000000000d770 0000000000000200 T fsFileWrite
000000000000d970 0000000000000008 T fsFileFlush
000000000000d980 00000000000001b4 T fsFileSetSize
000000000000d980 00000000000001b4 t fsFileSetSize.localalias
000000000000db40 00000000000001c4 T fsFileGetSize
000000000000db40 00000000000001c4 t fsFileGetSize.localalias
000000000000dd10 0000000000000004 T fsFileClose
000000000000dd20 0000000000000004 T fsDirClose
000000000000dd30 0000000000000204 T fsDirRead
000000000000df40 00000000000000cc t _nvSetClientPID
000000000000e010 00000000000000d0 t _nvCleanup
000000000000e0e0 00000000000000d4 t _nvCmdInitialize.constprop.0
000000000000e1c0 000000000000001c W __nx_nv_create_tmem
000000000000e1e0 0000000000000220 T nvInitialize
000000000000e400 0000000000000044 T nvExit
000000000000e450 0000000000000140 T nvConvertError
000000000000e590 0000000000000114 T nvOpen
000000000000e6b0 0000000000000290 T nvIoctl
000000000000e940 00000000000000d8 T nvClose
000000000000ea20 0000000000000108 T nvQueryEvent
000000000000eb30 0000000000000228 t _timeCleanup
000000000000ed60 00000000000000c8 t _timeCmdNoInOutU64.constprop.0
000000000000ee30 0000000000000100 t _timeCmdGetSession.constprop.0
000000000000ef30 00000000000000cc t _timeGetSharedMemoryNativeHandle.constprop.0
000000000000f000 0000000000000110 t _timeReadClockFromSharedMem
000000000000f110 0000000000000238 T timeInitialize
000000000000f350 0000000000000044 T timeExit
000000000000f3a0 0000000000000038 T timeGetServiceSession_SystemClock
000000000000f3e0 000000000000005c T timeGetCurrentTime
000000000000f440 0000000000000110 T timeToCalendarTimeWithMyRule
000000000000f550 0000000000000104 T timeToPosixTimeWithMyRule
000000000000f660 000000000000007c t _nvFenceCleanup
000000000000f6e0 0000000000000098 T nvFenceInit
000000000000f780 0000000000000044 T nvFenceExit
000000000000f7d0 0000000000000234 T nvFenceWait
000000000000fa10 0000000000000074 T nvMultiFenceWait
000000000000fa90 00000000000000b4 T nvMapInit
000000000000fb50 000000000000006c T nvMapExit
000000000000fbc0 0000000000000080 T nvMapClose
000000000000fc40 0000000000000160 T nvMapCreate
000000000000fda0 0000000000000028 T nvioctlNvhostCtrl_EventSignal
000000000000fdd0 0000000000000044 T nvioctlNvhostCtrl_EventWait
000000000000fe20 0000000000000030 T nvioctlNvhostCtrl_EventWaitAsync
000000000000fe50 0000000000000028 T nvioctlNvhostCtrl_EventRegister
000000000000fe80 0000000000000028 T nvioctlNvhostCtrl_EventUnregister
000000000000feb0 0000000000000040 T nvioctlNvmap_Create
000000000000fef0 0000000000000040 T nvioctlNvmap_Alloc
000000000000ff30 0000000000000030 T nvioctlNvmap_Free
000000000000ff60 0000000000000040 T nvioctlNvmap_GetId
000000000000ffa0 00000000000000d8 T bqRequestBuffer
0000000000010080 0000000000000160 T bqDequeueBuffer
00000000000101e0 00000000000000dc T bqQueueBuffer
00000000000102c0 0000000000000094 T bqCancelBuffer
0000000000010360 00000000000000e4 T bqConnect
0000000000010450 000000000000009c T bqDisconnect
00000000000104f0 0000000000000174 T bqSetPreallocatedBuffer
0000000000010670 0000000000000018 T binderCreate
0000000000010690 00000000000003b0 T binderTransactParcel
0000000000010a40 0000000000000124 T binderConvertErrorCode
0000000000010b70 0000000000000124 T binderAdjustRefcount
0000000000010ca0 0000000000000098 T binderInitSession
0000000000010d40 0000000000000068 T binderClose
0000000000010db0 0000000000000158 T binderGetNativeHandle
0000000000010f10 0000000000000030 T parcelCreate
0000000000010f40 000000000000019c T parcelTransact
00000000000110e0 0000000000000088 T parcelWriteData
0000000000011170 0000000000000098 T parcelReadData
0000000000011210 0000000000000020 T parcelWriteInt32
0000000000011230 0000000000000020 T parcelWriteUInt32
0000000000011250 000000000000007c T parcelWriteString16
00000000000112d0 0000000000000030 T parcelWriteInterfaceToken
0000000000011300 0000000000000024 T parcelReadInt32
0000000000011330 0000000000000068 T parcelReadFlattenedObject
00000000000113a0 000000000000004c T parcelWriteFlattenedObject
00000000000113f0 00000000000000c4 T nxlinkSetup
00000000000114c0 0000000000000180 T sessionmgrCreate
0000000000011640 0000000000000084 T sessionmgrClose
00000000000116d0 00000000000000b4 T sessionmgrAttachClient
0000000000011790 0000000000000070 T sessionmgrDetachClient
0000000000011800 000000000000002c T aligned_alloc
0000000000011830 00000000000000b8 T bsearch
00000000000118f0 0000000000000014 T __errno
0000000000011910 0000000000000044 T __libc_fini_array
0000000000011960 000000000000002c T gmtime
0000000000011990 000000000000029c T gmtime_r
0000000000011c30 000000000000008c T __libc_init_array
0000000000011cc0 000000000000017c T _memalign_r
0000000000011e40 0000000000000024 T malloc
0000000000011e70 0000000000000024 T free
0000000000011ea0 000000000000086c T _malloc_r
000000000001270c 00000000000000d8 T memchr
0000000000012800 000000000000016c T memcpy
0000000000012980 00000000000001dc T memset
0000000000012b60 000000000000000c T __malloc_lock
0000000000012b70 000000000000000c T __malloc_unlock
0000000000012b80 0000000000000084 T printf
0000000000012c10 000000000000003c T setenv
0000000000012c50 0000000000000268 T _setenv_r
0000000000012ec0 0000000000000278 T setvbuf
0000000000013140 00000000000000bc T sscanf
0000000000013200 0000000000000050 T __sread
0000000000013250 0000000000000008 T __seofread
0000000000013260 000000000000006c T __swrite
00000000000132d0 0000000000000050 T __sseek
0000000000013320 0000000000000008 T __sclose
0000000000013328 00000000000000dc T strchr
0000000000013440 00000000000000e4 T strcmp
0000000000013540 0000000000000140 T strlen
0000000000013680 000000000000007c T strncat
000000000001371c 00000000000001b8 T strncmp
00000000000138e0 000000000000009c T strncpy
00000000000139a4 00000000000000e0 T strnlen
0000000000013a60 000000000000019c t _strtoul_l.constprop.0
0000000000013c00 0000000000000044 T _strtoul_r
0000000000013c50 0000000000000048 T strtoul
0000000000013c98 0000000000000074 t get_arg
0000000000013d0c 0000000000003118 T __ssvfscanf_r
0000000000016e24 00000000000007e0 t get_arg
0000000000017604 0000000000003c78 T _vfprintf_r
000000000001b27c 00000000000000f0 t __sbprintf
000000000001b370 00000000000000d8 T _wcrtomb_r
000000000001b450 0000000000000010 T _wcsrtombs_r
000000000001b460 0000000000000140 T __swsetup_r
000000000001b5a0 000000000000012c T __call_exitprocs
000000000001b6d0 000000000000019c t quorem
000000000001b870 0000000000001190 T _dtoa_r
000000000001ca00 000000000000000c T __env_lock
000000000001ca10 000000000000000c T __env_unlock
000000000001ca20 0000000000000228 T __sflush_r
000000000001cc50 00000000000000b8 T _fflush_r
000000000001cd10 000000000000000c T _cleanup_r
000000000001cd20 000000000000000c T __sfp_lock_acquire
000000000001cd30 000000000000000c T __sfp_lock_release
000000000001cd40 000000000000000c T __sinit_lock_acquire
000000000001cd50 000000000000000c T __sinit_lock_release
000000000001cd60 0000000000000154 T __sinit
000000000001cec0 0000000000000118 T _malloc_trim_r
000000000001cfe0 00000000000002f0 T _free_r
000000000001d2d0 00000000000000a4 T _fwalk_reent
000000000001d380 0000000000000100 T _findenv_r
000000000001d480 0000000000000008 T iswspace
000000000001d490 0000000000000008 T __localeconv_l
000000000001d4a0 0000000000000028 T _localeconv_r
000000000001d4d0 000000000000002c T __locale_mb_cur_max
000000000001d500 0000000000000094 T __swhatbuf_r
000000000001d5a0 000000000000010c T __smakebuf_r
000000000001d6b0 00000000000000f0 T _mbrtowc_r
000000000001d7a0 00000000000002c8 T __utf8_mbtowc
000000000001da70 000000000000008c T _Balloc
000000000001db00 000000000000001c T _Bfree
000000000001db20 0000000000000108 T __multadd
000000000001dc30 0000000000000138 T __s2b
000000000001dd70 000000000000005c T __hi0bits
000000000001ddd0 000000000000009c T __lo0bits
000000000001de70 000000000000004c T __i2b
000000000001dec0 00000000000001e8 T __multiply
000000000001e0b0 0000000000000104 T __pow5mult
000000000001e1c0 0000000000000178 T __lshift
000000000001e340 0000000000000050 T __mcmp
000000000001e390 00000000000001b8 T __mdiff
000000000001e550 0000000000000084 T __ulp
000000000001e5e0 0000000000000164 T __b2d
000000000001e750 0000000000000154 T __d2b
000000000001e8b0 00000000000000a0 T __ratio
000000000001e950 0000000000000068 T __copybits
000000000001e9c0 000000000000006c T __any_on
000000000001ea30 000000000000002c T realloc
000000000001ea60 0000000000000538 T _realloc_r
000000000001efa0 00000000000000d4 T __sccl
000000000001f080 000000000000000c T nanf
000000000001f090 000000000000007c T frexp
000000000001f110 00000000000000a8 T sprintf
000000000001f1c0 0000000000000098 T stpncpy
000000000001f260 0000000000001164 T _strtod_l
00000000000203d0 0000000000000054 T _strtod_r
0000000000020430 000000000000018c t _strtoll_l.constprop.0
00000000000205c0 0000000000000044 T _strtoll_r
0000000000020610 000000000000018c t _strtol_l.part.0
00000000000207a0 0000000000000070 T _strtol_r
0000000000020810 000000000000019c t _strtoull_l.constprop.0
00000000000209b0 0000000000000044 T _strtoull_r
00000000000209f4 00000000000001bc T __ssprint_r
0000000000020bb0 00000000000000f0 T _sungetc_r
0000000000020ca0 0000000000000070 T __ssrefill_r
0000000000020d10 00000000000000e0 T _sfread_r
0000000000020df0 00000000000007e0 t get_arg
00000000000215d0 0000000000003bf4 T _svfprintf_r
00000000000251d0 00000000000000c8 T __submore
0000000000025298 00000000000007e0 t get_arg
0000000000025a78 0000000000000038 T __sprint_r
0000000000025ab0 0000000000002958 T _vfiprintf_r
0000000000028408 00000000000000f0 t __sbprintf
0000000000028500 00000000000001e0 T _wcsnrtombs_l
00000000000286e0 0000000000000074 T _wcsnrtombs_r
0000000000028760 00000000000000e4 T __utf8_wctomb
0000000000028850 0000000000000064 T __assert_func
00000000000288c0 00000000000000b0 T _calloc_r
0000000000028970 000000000000015c T _fclose_r
0000000000028ad0 0000000000000084 T fiprintf
0000000000028b60 00000000000004dc T __sfvwrite_r
0000000000029040 0000000000000114 t rshift
0000000000029160 0000000000000884 T __gethex
00000000000299f0 0000000000000048 T __match
0000000000029a40 0000000000000258 T __hexnan
0000000000029ca0 0000000000000048 T iswspace_l
0000000000029d00 00000000000000ac T memmove
0000000000029db0 000000000000000c T nan
0000000000029dc0 0000000000000018 T abort
0000000000029de0 0000000000000080 T category
0000000000029e60 00000000000000b4 T _raise_r
0000000000029f20 0000000000000024 T raise
0000000000029f50 0000000000000008 t null_write
0000000000029f60 0000000000000018 T setDefaultDevice
0000000000029f80 0000000000000108 T FindDevice
000000000002a090 0000000000000034 T RemoveDevice
000000000002a0d0 00000000000000dc T AddDevice
000000000002a1b0 0000000000000034 T GetDeviceOpTab
000000000002a1f0 00000000000000a8 T _close_r
000000000002a2a0 0000000000000084 T _fstat_r
000000000002a330 0000000000000014 T _getpid_r
000000000002a350 0000000000000008 T _isatty_r
000000000002a360 0000000000000014 T _kill_r
000000000002a380 0000000000000098 T _lseek_r
000000000002a420 00000000000000a4 T _read_r
000000000002a4d0 0000000000000078 T _sbrk_r
000000000002a550 00000000000000a4 T _write_r
000000000002a600 0000000000000020 T _exit
000000000002a620 0000000000000228 T _concatenate_path
000000000002a850 0000000000000178 T chdir
000000000002a9d0 0000000000000014 T __libc_lock_acquire
000000000002a9f0 0000000000000014 T __libc_lock_release
000000000002aa10 000000000000000c T __libc_lock_init_recursive
000000000002aa20 0000000000000014 T __libc_lock_acquire_recursive
000000000002aa40 0000000000000014 T __libc_lock_release_recursive
000000000002aa60 0000000000000004 T __libc_lock_close_recursive
000000000002aa70 0000000000000040 T __free_handle
000000000002aab0 0000000000000058 T __release_handle
000000000002ab10 0000000000000020 T __get_handle
000000000002ab30 0000000000000020 T __getreent
000000000002ab50 0000000000000150 t __extenddftf2
000000000002aca0 00000000000002f8 t __trunctfdf2
000000000002afa0 0000000000000070 t __sfp_handle_exceptions
000000000002b010 0000000000000100 T strrchr
000000000002b110 T _fini
000000000002c000 R __rodata_start
000000000002c200 0000000000000014 r CSWTCH.560
000000000002c2e0 0000000000000030 r colorTable
000000000002c310 R default_font_bin
000000000002e310 R default_font_bin_end
000000000002e318 0000000000000038 r g_nvColorFmtTable
000000000002e388 0000000000000020 r error_table
000000000002e3d0 0000000000000023 r g_bq_InterfaceDescriptor
000000000002e408 0000000000000101 R _ctype_
000000000002e5f8 0000000000000022 r basefix.0
000000000002e770 0000000000000010 r blanks.1
000000000002e780 0000000000000010 r zeroes.0
000000000002e8c0 0000000000000028 R __mprec_bigtens
000000000002e8e8 00000000000000c8 R __mprec_tens
000000000002e9b0 000000000000000c r p05.0
000000000002e9f0 0000000000000014 r fpi.1
000000000002ea08 0000000000000014 r fpinan.0
000000000002ea20 0000000000000028 r tinytens
000000000002ea48 000000000000006c R __action_table
000000000002eab8 0000000000000100 R __chclass
000000000002ebb8 000000000000006c R __state_table
000000000002ed30 0000000000000010 r blanks.1
000000000002ed40 0000000000000010 r zeroes.0
000000000002ee60 0000000000000010 r blanks.1
000000000002ee70 0000000000000010 r zeroes.0
000000000002ef08 0000000000000100 R __hexdig
000000000002f008 00000000000031e6 r categories
00000000000321f0 r __EH_FRAME_BEGIN__
00000000000321f0 R __eh_frame_hdr_end
00000000000321f0 R __eh_frame_hdr_start
0000000000037da4 r __FRAME_END__
0000000000037da8 a _DYNAMIC
000000000003b000 R __data_start
000000000003b000 t __frame_dummy_init_array_entry
000000000003b000 T __init_array_start
000000000003b000 B __preinit_array_end
000000000003b000 B __preinit_array_start
000000000003b000 D __tdata_lma
000000000003b000 D __tdata_lma_end
000000000003b008 t __do_global_dtors_aux_fini_array_entry
000000000003b008 T __fini_array_start
000000000003b008 T __init_array_end
000000000003b010 T __fini_array_end
000000000003b010 a _GLOBAL_OFFSET_TABLE_
000000000003b010 T __got_start__
000000000003b290 D __got_end__
000000000003b290 0000000000000001 V __nx_applet_auto_notifyrunning
000000000003b294 0000000000000004 V __nx_applet_type
000000000003b298 0000000000000058 d defaultConsole
000000000003b2f0 0000000000000008 d currentConsole
000000000003b2f8 00000000000000e0 d dotab_stdout
000000000003b3d8 0000000000000088 d s_consoleSwRenderer
000000000003b460 0000000000000008 V __nx_exception_stack_size
000000000003b468 0000000000000004 V __nx_fsdev_direntry_cache_size
000000000003b46c 0000000000000001 V __nx_fsdev_support_cwd
000000000003b470 00000000000000e0 d fsdev_devoptab
000000000003b550 0000000000000004 V __nx_vi_stray_layer_flags
000000000003b554 0000000000000004 d g_viServiceType
000000000003b558 0000000000000004 V __nx_fs_num_sessions
000000000003b55c 0000000000000004 V __nx_nv_transfermem_size
000000000003b560 0000000000000004 d g_ctrl_fd
000000000003b564 0000000000000004 d g_nvmap_fd
000000000003b568 0000000000000008 D _impure_ptr
000000000003b570 0000000000000768 d impure_data
000000000003bcd8 0000000000000008 D _global_impure_ptr
000000000003bce0 0000000000000008 D __malloc_sbrk_base
000000000003bce8 0000000000000008 D __malloc_trim_threshold
000000000003bcf0 0000000000000810 D __malloc_av_
000000000003c500 0000000000000008 D environ
000000000003c508 00000000000001a8 D __global_locale
000000000003c6b0 0000000000000002 d numempty
000000000003c6b8 0000000000000018 D _C_numeric_locale
000000000003c6d0 0000000000000004 d defaultDevice
000000000003c6d8 0000000000000080 D devoptab_list
000000000003c758 00000000000000e0 D dotab_stdnull
000000000003c838 0000000000000400 d _current_working_directory
000000000003cc38 0000000000000010 d __stderr_handle
000000000003cc48 0000000000000010 d __stdin_handle
000000000003cc58 0000000000000010 d __stdout_handle
000000000003cc68 0000000000002000 d handles
000000000003ec68 D __bss_start__
000000000003ec68 b completed.1
000000000003ec70 b object.0
000000000003eca0 0000000000000080 V __nx_applet_AppletAttribute
000000000003ed20 0000000000000008 V __nx_applet_PerformanceConfiguration
000000000003ed28 0000000000000004 V __nx_applet_exit_mode
000000000003ed2c 0000000000000001 b g_appletCopyrightInitialized
000000000003ed30 0000000000000028 b g_appletCopyrightTmem
000000000003ed58 0000000000000004 b g_appletCpuBoostMode
000000000003ed5c 0000000000000001 b g_appletExitProcessFlag
000000000003ed60 0000000000000004 b g_appletExitProcessResult
000000000003ed68 0000000000000018 b g_appletFirstHook
000000000003ed80 0000000000000001 b g_appletFocusState
000000000003ed88 0000000000000008 b g_appletGuard
000000000003ed90 0000000000000010 b g_appletIAppletCommonFunctions
000000000003eda0 0000000000000010 b g_appletIApplicationCreator
000000000003edb0 0000000000000010 b g_appletIAudioController
000000000003edc0 0000000000000010 b g_appletICommonStateGetter
000000000003edd0 0000000000000010 b g_appletIDebugFunctions
000000000003ede0 0000000000000010 b g_appletIDisplayController
000000000003edf0 0000000000000010 b g_appletIFunctions
000000000003ee00 0000000000000010 b g_appletIGlobalStateController
000000000003ee10 0000000000000010 b g_appletILibraryAppletCreator
000000000003ee20 0000000000000010 b g_appletILibraryAppletSelfAccessor
000000000003ee30 0000000000000010 b g_appletIProcessWindingController
000000000003ee40 0000000000000010 b g_appletISelfController
000000000003ee50 0000000000000010 b g_appletIWindowController
000000000003ee60 0000000000000050 b g_appletInfo
000000000003eeb0 0000000000000001 b g_appletInfoInitialized
000000000003eeb8 0000000000000008 b g_appletInitTickBase
000000000003eec0 0000000000000001 b g_appletLeftInitialized
000000000003eec8 000000000000000c b g_appletLibraryAppletLaunchableEvent
000000000003eed8 000000000000000c b g_appletMessageEvent
000000000003eee4 0000000000000001 b g_appletNotifiedRunning
000000000003eee5 0000000000000001 b g_appletOperationMode
000000000003eee8 0000000000000004 b g_appletPerformanceMode
000000000003eef0 0000000000000010 b g_appletProxySession
000000000003ef00 0000000000000004 b g_appletRecordingInitialized
000000000003ef08 0000000000000028 b g_appletRecordingTmem
000000000003ef30 0000000000000008 b g_appletResourceUserId
000000000003ef38 0000000000000010 b g_appletSrv
000000000003ef48 0000000000000008 b g_appletSuspendedTick
000000000003ef50 000000000000000c b g_appletSuspendedTickEvent
000000000003ef5c 0000000000000001 b g_appletSuspendedTickInitialized
000000000003ef60 0000000000000004 b g_hosVersion
000000000003ef64 0000000000000001 b g_hasRandomSeed
000000000003ef65 0000000000000001 b g_isNso
000000000003ef68 0000000000000004 b g_lastLoadResult
000000000003ef70 0000000000000008 b g_loaderInfo
000000000003ef78 0000000000000008 b g_loaderInfoSize
000000000003ef80 0000000000000008 b g_loaderRetAddr
000000000003ef88 0000000000000004 b g_mainThreadHandle
000000000003ef90 0000000000000008 b g_nextLoadArgv
000000000003ef98 0000000000000008 b g_nextLoadPath
000000000003efa0 0000000000000008 b g_overrideArgv
000000000003efa8 0000000000000008 b g_overrideHeapAddr
000000000003efb0 0000000000000008 b g_overrideHeapSize
000000000003efb8 0000000000000004 b g_processHandle
000000000003efc0 0000000000000010 b g_randomSeed
000000000003efd0 0000000000000010 b g_syscallHints
000000000003efe0 0000000000000008 b g_userIdStorage
000000000003efe8 0000000000000058 b currentCopy
000000000003f040 0000000000000001 b didFirstConsoleInit.0
000000000003f048 B __stack_top
000000000003f050 0000000000000010 b g_AliasRegion
000000000003f060 0000000000000010 b g_AslrRegion
000000000003f070 0000000000000010 b g_HeapRegion
000000000003f080 0000000000000001 b g_IsLegacyKernel
000000000003f088 0000000000000008 b g_Reservations
000000000003f090 0000000000000010 b g_StackRegion
000000000003f0a0 0000000000000004 b g_VirtmemMutex
000000000003f0a8 0000000000000040 b g_chacha
000000000003f0e8 0000000000000001 b g_randInit
000000000003f0ec 0000000000000004 b g_randMutex
000000000003f0f0 0000000000000008 b g_apmGuard
000000000003f0f8 0000000000000010 b g_apmISession
000000000003f108 0000000000000010 b g_apmSrv
000000000003f118 0000000000000008 b g_smGuard
000000000003f120 0000000000000180 b g_smOverrides
000000000003f2a0 0000000000000008 b g_smOverridesNum
000000000003f2a8 0000000000000010 b g_smSrv
000000000003f2b8 0000000000000008 b g_hidGuard
000000000003f2c0 0000000000000010 b g_hidIActiveVibrationDeviceList
000000000003f2d0 0000000000000010 b g_hidIAppletResource
000000000003f2e0 0000000000000020 b g_hidSharedmem
000000000003f300 0000000000000010 b g_hidSrv
000000000003f310 0000000000000008 b g_sevenSixAxisSensorBuffer
000000000003f318 0000000000000080 b g_defaultWin
000000000003f398 0000000000000050 b g_viDisplay
000000000003f3e8 0000000000000010 b g_viLayer
000000000003f3f8 0000000000000004 V __nx_exception_ignoredebug
000000000003f400 0000000000000400 V __nx_exception_stack
000000000003f800 0000000000000340 B __nx_exceptiondump
000000000003fb40 0000000000000008 V __nx_heap_size
000000000003fb48 0000000000000008 b __bootticks
000000000003fb50 0000000000000008 b __boottime
000000000003fb58 0000000000000004 V __nx_time_type
000000000003fb5c 0000000000000004 B __system_argc
000000000003fb60 0000000000000008 B __system_argv
000000000003fb68 0000000000000008 b g_argv_empty
000000000003fb70 0000000000000004 b fsdev_fsdevice_cwd
000000000003fb78 0000000000002400 b fsdev_fsdevices
0000000000041f78 0000000000000001 b fsdev_initialised
0000000000041f80 0000000000000038 b g_mainThread
0000000000041fb8 0000000000000008 b g_threadList
0000000000041fc0 0000000000000004 b g_threadMutex
0000000000041fc8 0000000000000008 V __nx_vi_layer_id
0000000000041fd0 0000000000000008 b g_viGuard
0000000000041fd8 0000000000000010 b g_viIApplicationDisplayService
0000000000041fe8 0000000000000010 b g_viIHOSBinderDriverIndirect
0000000000041ff8 0000000000000010 b g_viIHOSBinderDriverRelay
0000000000042008 0000000000000010 b g_viIManagerDisplayService
0000000000042018 0000000000000010 b g_viISystemDisplayService
0000000000042028 0000000000000008 b g_setsysGuard
0000000000042030 0000000000000010 b g_setsysSrv
0000000000042040 0000000000000008 b g_fsGuard
0000000000042048 0000000000000054 b g_fsSessionMgr
00000000000420a0 0000000000000010 b g_fsSrv
00000000000420b0 0000000000000008 b g_nvGuard
00000000000420b8 0000000000000010 b g_nvSrv
00000000000420c8 0000000000000010 b g_nvSrvClone
00000000000420d8 0000000000000028 b g_nvTransfermem
0000000000042100 0000000000000004 V __nx_time_service_type
0000000000042108 0000000000000008 b g_timeGuard
0000000000042110 0000000000000010 b g_timeLocalSystemClock
0000000000042120 0000000000000010 b g_timeNetworkSystemClock
0000000000042130 0000000000000020 b g_timeSharedmem
0000000000042150 0000000000000010 b g_timeSrv
0000000000042160 0000000000000010 b g_timeSteadyClock
0000000000042170 0000000000000010 b g_timeTimeZoneService
0000000000042180 0000000000000010 b g_timeUserSystemClock
0000000000042190 0000000000000008 b g_NvEventUsedMask
0000000000042198 0000000000000300 b g_NvEvents
0000000000042498 0000000000000008 b g_nvFenceGuard
00000000000424a0 0000000000000008 b g_nvMapGuard
00000000000424a8 0000000000000004 B __nxlink_host
00000000000424b0 0000000000000028 B __malloc_current_mallinfo
00000000000424d8 0000000000000008 B __malloc_max_sbrked_mem
00000000000424e0 0000000000000008 B __malloc_max_total_mem
00000000000424e8 0000000000000008 B __malloc_top_pad
00000000000424f0 000000000000000c b __malloc_recursive_mutex
00000000000424fc 0000000000000004 b alloced.0
0000000000042500 000000000000000c B __atexit_recursive_mutex
0000000000042510 0000000000000008 b initial_env
0000000000042518 000000000000000c b __env_recursive_mutex
0000000000042528 000000000000000c b __sfp_recursive_mutex
0000000000042538 000000000000000c b __sinit_recursive_mutex
0000000000042548 0000000000000008 b heap_start.0
0000000000042550 0000000000000008 B fake_heap_end
0000000000042558 0000000000000008 B fake_heap_start
0000000000042560 0000000000000400 b temp_cwd
0000000000042960 0000000000000004 b __hndl_lock
0000000000042968 B __tls_start
0000000000042d78 B __bss_end__
0000000000042d78 A __end__
0000000000042d78 B __tls_end
0000000000043000 A __argdata__
